<?xml version="1.0" encoding="utf-8" standalone="no"?>
<test-run id="0" runstate="Runnable" testcasecount="1" result="Failed" label="Error" total="1" passed="0" failed="1" inconclusive="0" skipped="0" asserts="0" engine-version="3.11.1.0" clr-version="4.0.30319.42000" start-time="2020-07-31 18:06:28Z" end-time="2020-07-31 18:06:29Z" duration="0.596455">
  <command-line><![CDATA["C:\Program Files\Nunit-console\NUnit.Console-3.11.1\bin\net20\nunit3-console.exe"  test_project.dll]]></command-line>
  <test-suite type="Assembly" id="0" name="" fullname="" runstate="NotRunnable" testcasecount="1" result="Failed" label="Error" start-time="2020-07-31 18:06:29Z" end-time="2020-07-31 18:06:29Z" duration="0.001" total="1" passed="0" failed="1" inconclusive="0" skipped="0" asserts="0">
    <failure>
      <message><![CDATA[NUnit.Engine.NUnitEngineException : The NUnit 3 driver encountered an error while executing reflected code.
  ----> System.InvalidCastException : Nie można rzutować przezroczystego obiektu pośredniczącego na typ 'System.Web.UI.ICallbackEventHandler'.]]></message>
      <stack-trace><![CDATA[--NUnitEngineException
The NUnit 3 driver encountered an error while executing reflected code.

Server stack trace: 
   w NUnit.Engine.Drivers.NUnit3FrameworkDriver.CreateObject(String typeName, Object[] args) w C:\Users\Chris\Documents\git\nunit-console\src\NUnitEngine\nunit.engine.core\Drivers\NUnit3FrameworkDriver.cs:wiersz 179
   w NUnit.Engine.Drivers.NUnit3FrameworkDriver.Load(String testAssemblyPath, IDictionary`2 settings) w C:\Users\Chris\Documents\git\nunit-console\src\NUnitEngine\nunit.engine.core\Drivers\NUnit3FrameworkDriver.cs:wiersz 99
   w NUnit.Engine.Runners.DirectTestRunner.LoadDriver(IFrameworkDriver driver, String testFile, TestPackage subPackage) w C:\Users\Chris\Documents\git\nunit-console\src\NUnitEngine\nunit.engine.core\Runners\DirectTestRunner.cs:wiersz 162
   w NUnit.Engine.Runners.DirectTestRunner.LoadPackage() w C:\Users\Chris\Documents\git\nunit-console\src\NUnitEngine\nunit.engine.core\Runners\DirectTestRunner.cs:wiersz 152
   w NUnit.Engine.Runners.DirectTestRunner.EnsurePackageIsLoaded() w C:\Users\Chris\Documents\git\nunit-console\src\NUnitEngine\nunit.engine.core\Runners\DirectTestRunner.cs:wiersz 262
   w NUnit.Engine.Runners.DirectTestRunner.RunTests(ITestEventListener listener, TestFilter filter) w C:\Users\Chris\Documents\git\nunit-console\src\NUnitEngine\nunit.engine.core\Runners\DirectTestRunner.cs:wiersz 210
   w System.Runtime.Remoting.Messaging.StackBuilderSink._PrivateProcessMessage(IntPtr md, Object[] args, Object server, Object[]& outArgs)
   w System.Runtime.Remoting.Messaging.StackBuilderSink.SyncProcessMessage(IMessage msg)

Exception rethrown at [0]: 
   w System.Runtime.Remoting.Proxies.RealProxy.HandleReturnMessage(IMessage reqMsg, IMessage retMsg)
   w System.Runtime.Remoting.Proxies.RealProxy.PrivateInvoke(MessageData& msgData, Int32 type)
   w NUnit.Engine.ITestEngineRunner.Run(ITestEventListener listener, TestFilter filter)
   w NUnit.Engine.Runners.ProcessRunner.RunTests(ITestEventListener listener, TestFilter filter) w C:\Users\Chris\Documents\git\nunit-console\src\NUnitEngine\nunit.engine\Runners\ProcessRunner.cs:wiersz 163
--
InvalidCastException
Nie można rzutować przezroczystego obiektu pośredniczącego na typ 'System.Web.UI.ICallbackEventHandler'.
   w NUnit.Framework.Api.FrameworkController.LoadTestsAction..ctor(FrameworkController controller, Object handler)
]]></stack-trace>
    </failure>
  </test-suite>
</test-run>